<?xml version="1.0" encoding="UTF-8"?>
<!-- Generated by org.testng.reporters.JUnitXMLReporter -->
<testsuite ignored="0" hostname="Sulagnas-MacBook-Air.local" failures="1" tests="1" name="Surefire test" time="36.768" errors="0" timestamp="2021-06-20T15:05:40 IST">
  <testcase classname="com.weather.assignment.Weather.WeatherTest" name="tempCompareTest" time="17.335">
    <failure type="java.lang.Exception" message="Error occured in tempratureSearchCityController Index 0 out of bounds for length 0">
      <![CDATA[java.lang.Exception: Error occured in tempratureSearchCityController Index 0 out of bounds for length 0
at com.weather.assignment.Weather.NdtvController.tempratureSearchCityController(NdtvController.java:49)
at com.weather.assignment.Weather.WeatherTest.tempCompareTest(WeatherTest.java:29)
at java.base/java.util.ArrayList.forEach(ArrayList.java:1507)
... Removed 31 stack frames]]>
    </failure>
  </testcase> <!-- tempCompareTest -->
</testsuite> <!-- Surefire test -->
