<?xml version="1.0" encoding="UTF-8"?>
<!-- Generated by org.testng.reporters.JUnitXMLReporter -->
<testsuite ignored="0" hostname="LAPTOP-DGKS0RJA" failures="0" tests="15" name="Default test" time="2.59" errors="0" timestamp="2021-09-30T14:57:20 IST">
  <testcase classname="com.AutomationAsginmnt.Apps.NotesTest" name="@BeforeTest launchApp" time="2.491">
    <failure type="java.lang.Exception" message="Exception occured in getMobileDriver">
      <![CDATA[java.lang.Exception: Exception occured in getMobileDriver
at com.AutomationAsignment.utility.DefaultDriverManager.getMobileDriver(DefaultDriverManager.java:87)
at com.AutomationAsginmnt.Apps.NotesTest.launchApp(NotesTest.java:30)
at java.base/jdk.internal.reflect.NativeMethodAccessorImpl.invoke0(Native Method)
at java.base/jdk.internal.reflect.NativeMethodAccessorImpl.invoke(NativeMethodAccessorImpl.java:78)
at java.base/jdk.internal.reflect.DelegatingMethodAccessorImpl.invoke(DelegatingMethodAccessorImpl.java:43)
at java.base/java.lang.reflect.Method.invoke(Method.java:567)
at org.testng.internal.MethodInvocationHelper.invokeMethod(MethodInvocationHelper.java:132)
at org.testng.internal.MethodInvocationHelper.invokeMethodConsideringTimeout(MethodInvocationHelper.java:61)
at org.testng.internal.ConfigInvoker.invokeConfigurationMethod(ConfigInvoker.java:366)
at org.testng.internal.ConfigInvoker.invokeConfigurations(ConfigInvoker.java:320)
at org.testng.TestRunner.invokeTestConfigurations(TestRunner.java:617)
at org.testng.TestRunner.beforeRun(TestRunner.java:607)
at org.testng.TestRunner.run(TestRunner.java:578)
at org.testng.SuiteRunner.runTest(SuiteRunner.java:384)
at org.testng.SuiteRunner.runSequentially(SuiteRunner.java:378)
at org.testng.SuiteRunner.privateRun(SuiteRunner.java:337)
at org.testng.SuiteRunner.run(SuiteRunner.java:286)
at org.testng.SuiteRunnerWorker.runSuite(SuiteRunnerWorker.java:53)
at org.testng.SuiteRunnerWorker.run(SuiteRunnerWorker.java:96)
at org.testng.TestNG.runSuitesSequentially(TestNG.java:1218)
at org.testng.TestNG.runSuitesLocally(TestNG.java:1140)
at org.testng.TestNG.runSuites(TestNG.java:1069)
at org.testng.TestNG.run(TestNG.java:1037)
at org.testng.remote.AbstractRemoteTestNG.run(AbstractRemoteTestNG.java:115)
at org.testng.remote.RemoteTestNG.initAndRun(RemoteTestNG.java:251)
at org.testng.remote.RemoteTestNG.main(RemoteTestNG.java:77)
]]>
    </failure>
  </testcase> <!-- @BeforeTest launchApp -->
  <testcase classname="com.AutomationAsignment.utility.TestClassUtil" name="@AfterMethod getResult" time="-1.632994040455E9">
    <skipped/>
  </testcase> <!-- @AfterMethod getResult -->
  <testcase classname="com.AutomationAsignment.utility.TestClassUtil" name="@AfterMethod getResult" time="-1.632994040461E9">
    <skipped/>
  </testcase> <!-- @AfterMethod getResult -->
  <testcase classname="com.AutomationAsignment.utility.TestClassUtil" name="@AfterMethod getResult" time="-1.632994040465E9">
    <skipped/>
  </testcase> <!-- @AfterMethod getResult -->
  <testcase classname="com.AutomationAsignment.utility.TestClassUtil" name="@AfterMethod getResult" time="-1.63299404047E9">
    <skipped/>
  </testcase> <!-- @AfterMethod getResult -->
  <testcase classname="com.AutomationAsignment.utility.TestClassUtil" name="@AfterMethod getResult" time="-1.632994040474E9">
    <skipped/>
  </testcase> <!-- @AfterMethod getResult -->
  <testcase classname="com.AutomationAsignment.utility.TestClassUtil" name="@AfterMethod getResult" time="-1.632994040479E9">
    <skipped/>
  </testcase> <!-- @AfterMethod getResult -->
  <testcase classname="com.AutomationAsignment.utility.TestClassUtil" name="@AfterMethod getResult" time="-1.632994040483E9">
    <skipped/>
  </testcase> <!-- @AfterMethod getResult -->
  <testcase classname="com.AutomationAsignment.utility.TestClassUtil" name="@AfterMethod getResult" time="-1.632994040486E9">
    <skipped/>
  </testcase> <!-- @AfterMethod getResult -->
  <testcase classname="com.AutomationAsignment.utility.TestClassUtil" name="@AfterMethod getResult" time="-1.63299404049E9">
    <skipped/>
  </testcase> <!-- @AfterMethod getResult -->
  <testcase classname="com.AutomationAsignment.utility.TestClassUtil" name="@AfterMethod getResult" time="-1.632994040495E9">
    <skipped/>
  </testcase> <!-- @AfterMethod getResult -->
  <testcase classname="com.AutomationAsignment.utility.TestClassUtil" name="@AfterMethod getResult" time="-1.632994040499E9">
    <skipped/>
  </testcase> <!-- @AfterMethod getResult -->
  <testcase classname="com.AutomationAsignment.utility.TestClassUtil" name="@AfterMethod getResult" time="-1.632994040503E9">
    <skipped/>
  </testcase> <!-- @AfterMethod getResult -->
  <testcase classname="com.AutomationAsignment.utility.TestClassUtil" name="@AfterMethod getResult" time="-1.632994040507E9">
    <skipped/>
  </testcase> <!-- @AfterMethod getResult -->
  <testcase classname="com.AutomationAsignment.utility.TestClassUtil" name="@AfterMethod getResult" time="-1.632994040511E9">
    <skipped/>
  </testcase> <!-- @AfterMethod getResult -->
  <testcase classname="com.AutomationAsignment.utility.TestClassUtil" name="@AfterMethod getResult" time="-1.632994040515E9">
    <skipped/>
  </testcase> <!-- @AfterMethod getResult -->
  <testcase classname="com.AutomationAsginmnt.Apps.NotesTest" name="@AfterTest teardown" time="-1.632994040517E9">
    <skipped/>
  </testcase> <!-- @AfterTest teardown -->
  <testcase classname="com.AutomationAsginmnt.Apps.NotesTest" name="AddTextNotesTest" time="0.0">
    <skipped/>
  </testcase> <!-- AddTextNotesTest -->
  <testcase classname="com.AutomationAsginmnt.Apps.NotesTest" name="EditTextNotesTest" time="0.0">
    <skipped/>
  </testcase> <!-- EditTextNotesTest -->
  <testcase classname="com.AutomationAsginmnt.Apps.NotesTest" name="EditTextNotesSetReminderTest" time="0.0">
    <skipped/>
  </testcase> <!-- EditTextNotesSetReminderTest -->
  <testcase classname="com.AutomationAsginmnt.Apps.NotesTest" name="DeleteReminderTest" time="0.0">
    <skipped/>
  </testcase> <!-- DeleteReminderTest -->
  <testcase classname="com.AutomationAsginmnt.Apps.NotesTest" name="AddImageNotesTest" time="0.0">
    <skipped/>
  </testcase> <!-- AddImageNotesTest -->
  <testcase classname="com.AutomationAsginmnt.Apps.NotesTest" name="EditImageNotesTest" time="0.0">
    <skipped/>
  </testcase> <!-- EditImageNotesTest -->
  <testcase classname="com.AutomationAsginmnt.Apps.NotesTest" name="DeleteImageNotesTest" time="0.0">
    <skipped/>
  </testcase> <!-- DeleteImageNotesTest -->
  <testcase classname="com.AutomationAsginmnt.Apps.NotesTest" name="AddCheckListNotesTest" time="0.0">
    <skipped/>
  </testcase> <!-- AddCheckListNotesTest -->
  <testcase classname="com.AutomationAsginmnt.Apps.NotesTest" name="EditReminderCheckListNotesTest" time="0.0">
    <skipped/>
  </testcase> <!-- EditReminderCheckListNotesTest -->
  <testcase classname="com.AutomationAsginmnt.Apps.NotesTest" name="DeleteReminderCheckListNotesTest" time="0.0">
    <skipped/>
  </testcase> <!-- DeleteReminderCheckListNotesTest -->
  <testcase classname="com.AutomationAsginmnt.Apps.NotesTest" name="ReducedViewNotesTest" time="0.0">
    <skipped/>
  </testcase> <!-- ReducedViewNotesTest -->
  <testcase classname="com.AutomationAsginmnt.Apps.NotesTest" name="ShareNotesTest" time="0.0">
    <skipped/>
  </testcase> <!-- ShareNotesTest -->
  <testcase classname="com.AutomationAsginmnt.Apps.NotesTest" name="TagNotesTest" time="0.0">
    <skipped/>
  </testcase> <!-- TagNotesTest -->
  <testcase classname="com.AutomationAsginmnt.Apps.NotesTest" name="SettingsNotesTest" time="0.0">
    <skipped/>
  </testcase> <!-- SettingsNotesTest -->
  <testcase classname="com.AutomationAsginmnt.Apps.NotesTest" name="TapToCrashNotesTest" time="0.0">
    <skipped/>
  </testcase> <!-- TapToCrashNotesTest -->
</testsuite> <!-- Default test -->
