<?xml version="1.0" encoding="UTF-8"?>
<!-- Generated by org.testng.reporters.JUnitXMLReporter -->
<testsuite ignored="0" hostname="Sulagnas-MacBook-Air.local" failures="1" tests="1" name="Test" time="22.861" errors="0" timestamp="2021-06-20T12:07:52 IST">
  <testcase classname="com.weather.assignment.Weather.WeatherTest" name="test" time="12.397">
    <failure type="java.lang.Exception" message="Error occured in tempratureSearchCityController 
 Exception in waitForElementToBeDisplayed Method While Finding error while locating element =&amp;gt; 
org.openqa.selenium.TimeoutException: Expected condition failed: waiting for element to be clickable: [[ChromeDriver: chrome on MAC (8d759dd7ab800e3b05a93d82a154e90e)] -&amp;gt; xpath: //*[text()=&amp;apos;No Thanks&amp;apos;]] (tried for 5 second(s) with 500 milliseconds interval)">
      <![CDATA[java.lang.Exception: Error occured in tempratureSearchCityController 
 Exception in waitForElementToBeDisplayed Method While Finding error while locating element => 
org.openqa.selenium.TimeoutException: Expected condition failed: waiting for element to be clickable: [[ChromeDriver: chrome on MAC (8d759dd7ab800e3b05a93d82a154e90e)] -> xpath: //*[text()='No Thanks']] (tried for 5 second(s) with 500 milliseconds interval)
at com.weather.assignment.Weather.NdtvController.tempratureSearchCityController(NdtvController.java:48)
at com.weather.assignment.Weather.WeatherTest.test(WeatherTest.java:25)
at java.base/java.util.ArrayList.forEach(ArrayList.java:1507)
... Removed 27 stack frames]]>
    </failure>
  </testcase> <!-- test -->
</testsuite> <!-- Test -->
