<?xml version="1.0" encoding="UTF-8"?>
<testng-results ignored="0" total="1" passed="0" failed="1" skipped="0">
  <reporter-output>
  </reporter-output>
  <suite started-at="2021-06-20T12:07:29 IST" name="Suite" finished-at="2021-06-20T12:07:52 IST" duration-ms="22861">
    <groups>
    </groups>
    <test started-at="2021-06-20T12:07:29 IST" name="Test" finished-at="2021-06-20T12:07:52 IST" duration-ms="22861">
      <class name="com.weather.assignment.Weather.WeatherTest">
        <test-method is-config="true" signature="setup()[pri:0, instance:com.weather.assignment.Weather.WeatherTest@37918c79]" started-at="2021-06-20T12:07:29 IST" name="setup" finished-at="2021-06-20T12:07:39 IST" duration-ms="9953" status="PASS">
          <reporter-output>
          </reporter-output>
        </test-method> <!-- setup -->
        <test-method signature="test()[pri:0, instance:com.weather.assignment.Weather.WeatherTest@37918c79]" started-at="2021-06-20T12:07:39 IST" name="test" finished-at="2021-06-20T12:07:51 IST" duration-ms="12397" status="FAIL">
          <exception class="java.lang.Exception">
            <message>
              <![CDATA[Error occured in tempratureSearchCityController 
 Exception in waitForElementToBeDisplayed Method While Finding error while locating element => 
org.openqa.selenium.TimeoutException: Expected condition failed: waiting for element to be clickable: [[ChromeDriver: chrome on MAC (8d759dd7ab800e3b05a93d82a154e90e)] -> xpath: //*[text()='No Thanks']] (tried for 5 second(s) with 500 milliseconds interval)]]>
            </message>
            <full-stacktrace>
              <![CDATA[java.lang.Exception: Error occured in tempratureSearchCityController 
 Exception in waitForElementToBeDisplayed Method While Finding error while locating element => 
org.openqa.selenium.TimeoutException: Expected condition failed: waiting for element to be clickable: [[ChromeDriver: chrome on MAC (8d759dd7ab800e3b05a93d82a154e90e)] -> xpath: //*[text()='No Thanks']] (tried for 5 second(s) with 500 milliseconds interval)
at com.weather.assignment.Weather.NdtvController.tempratureSearchCityController(NdtvController.java:48)
at com.weather.assignment.Weather.WeatherTest.test(WeatherTest.java:25)
at java.base/jdk.internal.reflect.NativeMethodAccessorImpl.invoke0(Native Method)
at java.base/jdk.internal.reflect.NativeMethodAccessorImpl.invoke(NativeMethodAccessorImpl.java:62)
at java.base/jdk.internal.reflect.DelegatingMethodAccessorImpl.invoke(DelegatingMethodAccessorImpl.java:43)
at java.base/java.lang.reflect.Method.invoke(Method.java:567)
at org.testng.internal.MethodInvocationHelper.invokeMethod(MethodInvocationHelper.java:132)
at org.testng.internal.TestInvoker.invokeMethod(TestInvoker.java:599)
at org.testng.internal.TestInvoker.invokeTestMethod(TestInvoker.java:174)
at org.testng.internal.MethodRunner.runInSequence(MethodRunner.java:46)
at org.testng.internal.TestInvoker$MethodInvocationAgent.invoke(TestInvoker.java:822)
at org.testng.internal.TestInvoker.invokeTestMethods(TestInvoker.java:147)
at org.testng.internal.TestMethodWorker.invokeTestMethods(TestMethodWorker.java:146)
at org.testng.internal.TestMethodWorker.run(TestMethodWorker.java:128)
at java.base/java.util.ArrayList.forEach(ArrayList.java:1507)
at org.testng.TestRunner.privateRun(TestRunner.java:764)
at org.testng.TestRunner.run(TestRunner.java:585)
at org.testng.SuiteRunner.runTest(SuiteRunner.java:384)
at org.testng.SuiteRunner.runSequentially(SuiteRunner.java:378)
at org.testng.SuiteRunner.privateRun(SuiteRunner.java:337)
at org.testng.SuiteRunner.run(SuiteRunner.java:286)
at org.testng.SuiteRunnerWorker.runSuite(SuiteRunnerWorker.java:53)
at org.testng.SuiteRunnerWorker.run(SuiteRunnerWorker.java:96)
at org.testng.TestNG.runSuitesSequentially(TestNG.java:1218)
at org.testng.TestNG.runSuitesLocally(TestNG.java:1140)
at org.testng.TestNG.runSuites(TestNG.java:1069)
at org.testng.TestNG.run(TestNG.java:1037)
at org.testng.remote.AbstractRemoteTestNG.run(AbstractRemoteTestNG.java:115)
at org.testng.remote.RemoteTestNG.initAndRun(RemoteTestNG.java:251)
at org.testng.remote.RemoteTestNG.main(RemoteTestNG.java:77)
]]>
            </full-stacktrace>
          </exception> <!-- java.lang.Exception -->
          <reporter-output>
          </reporter-output>
        </test-method> <!-- test -->
        <test-method is-config="true" signature="teardown()[pri:0, instance:com.weather.assignment.Weather.WeatherTest@37918c79]" started-at="2021-06-20T12:07:51 IST" name="teardown" finished-at="2021-06-20T12:07:52 IST" duration-ms="404" status="PASS">
          <reporter-output>
          </reporter-output>
        </test-method> <!-- teardown -->
      </class> <!-- com.weather.assignment.Weather.WeatherTest -->
    </test> <!-- Test -->
  </suite> <!-- Suite -->
</testng-results>
