<?xml version="1.0" encoding="UTF-8"?>
<!-- Generated by org.testng.reporters.JUnitReportReporter -->
<testsuite hostname="LAPTOP-DGKS0RJA" failures="0" tests="16" name="com.AutomationAsginmnt.Apps.NotesTest" time="2.491" errors="1" timestamp="2021-09-30T14:57:20 IST" skipped="15">
  <testcase classname="com.AutomationAsginmnt.Apps.NotesTest" name="launchApp" time="2.491">
    <error message="Exception occured in getMobileDriver" type="java.lang.Exception">
      <![CDATA[java.lang.Exception: Exception occured in getMobileDriver
at com.AutomationAsignment.utility.DefaultDriverManager.getMobileDriver(DefaultDriverManager.java:87)
at com.AutomationAsginmnt.Apps.NotesTest.launchApp(NotesTest.java:30)
at java.base/jdk.internal.reflect.NativeMethodAccessorImpl.invoke0(Native Method)
at java.base/jdk.internal.reflect.NativeMethodAccessorImpl.invoke(NativeMethodAccessorImpl.java:78)
at java.base/jdk.internal.reflect.DelegatingMethodAccessorImpl.invoke(DelegatingMethodAccessorImpl.java:43)
at java.base/java.lang.reflect.Method.invoke(Method.java:567)
at org.testng.internal.MethodInvocationHelper.invokeMethod(MethodInvocationHelper.java:132)
at org.testng.internal.MethodInvocationHelper.invokeMethodConsideringTimeout(MethodInvocationHelper.java:61)
at org.testng.internal.ConfigInvoker.invokeConfigurationMethod(ConfigInvoker.java:366)
at org.testng.internal.ConfigInvoker.invokeConfigurations(ConfigInvoker.java:320)
at org.testng.TestRunner.invokeTestConfigurations(TestRunner.java:617)
at org.testng.TestRunner.beforeRun(TestRunner.java:607)
at org.testng.TestRunner.run(TestRunner.java:578)
at org.testng.SuiteRunner.runTest(SuiteRunner.java:384)
at org.testng.SuiteRunner.runSequentially(SuiteRunner.java:378)
at org.testng.SuiteRunner.privateRun(SuiteRunner.java:337)
at org.testng.SuiteRunner.run(SuiteRunner.java:286)
at org.testng.SuiteRunnerWorker.runSuite(SuiteRunnerWorker.java:53)
at org.testng.SuiteRunnerWorker.run(SuiteRunnerWorker.java:96)
at org.testng.TestNG.runSuitesSequentially(TestNG.java:1218)
at org.testng.TestNG.runSuitesLocally(TestNG.java:1140)
at org.testng.TestNG.runSuites(TestNG.java:1069)
at org.testng.TestNG.run(TestNG.java:1037)
at org.testng.remote.AbstractRemoteTestNG.run(AbstractRemoteTestNG.java:115)
at org.testng.remote.RemoteTestNG.initAndRun(RemoteTestNG.java:251)
at org.testng.remote.RemoteTestNG.main(RemoteTestNG.java:77)
]]>
    </error>
  </testcase> <!-- launchApp -->
  <system-out/>
  <testcase classname="com.AutomationAsginmnt.Apps.NotesTest" name="AddTextNotesTest" time="0.000">
    <skipped/>
  </testcase> <!-- AddTextNotesTest -->
  <system-out/>
  <testcase classname="com.AutomationAsginmnt.Apps.NotesTest" name="EditTextNotesTest" time="0.000">
    <skipped/>
  </testcase> <!-- EditTextNotesTest -->
  <system-out/>
  <testcase classname="com.AutomationAsginmnt.Apps.NotesTest" name="EditTextNotesSetReminderTest" time="0.000">
    <skipped/>
  </testcase> <!-- EditTextNotesSetReminderTest -->
  <system-out/>
  <testcase classname="com.AutomationAsginmnt.Apps.NotesTest" name="DeleteReminderTest" time="0.000">
    <skipped/>
  </testcase> <!-- DeleteReminderTest -->
  <system-out/>
  <testcase classname="com.AutomationAsginmnt.Apps.NotesTest" name="AddImageNotesTest" time="0.000">
    <skipped/>
  </testcase> <!-- AddImageNotesTest -->
  <system-out/>
  <testcase classname="com.AutomationAsginmnt.Apps.NotesTest" name="EditImageNotesTest" time="0.000">
    <skipped/>
  </testcase> <!-- EditImageNotesTest -->
  <system-out/>
  <testcase classname="com.AutomationAsginmnt.Apps.NotesTest" name="DeleteImageNotesTest" time="0.000">
    <skipped/>
  </testcase> <!-- DeleteImageNotesTest -->
  <system-out/>
  <testcase classname="com.AutomationAsginmnt.Apps.NotesTest" name="AddCheckListNotesTest" time="0.000">
    <skipped/>
  </testcase> <!-- AddCheckListNotesTest -->
  <system-out/>
  <testcase classname="com.AutomationAsginmnt.Apps.NotesTest" name="EditReminderCheckListNotesTest" time="0.000">
    <skipped/>
  </testcase> <!-- EditReminderCheckListNotesTest -->
  <system-out/>
  <testcase classname="com.AutomationAsginmnt.Apps.NotesTest" name="DeleteReminderCheckListNotesTest" time="0.000">
    <skipped/>
  </testcase> <!-- DeleteReminderCheckListNotesTest -->
  <system-out/>
  <testcase classname="com.AutomationAsginmnt.Apps.NotesTest" name="ReducedViewNotesTest" time="0.000">
    <skipped/>
  </testcase> <!-- ReducedViewNotesTest -->
  <system-out/>
  <testcase classname="com.AutomationAsginmnt.Apps.NotesTest" name="ShareNotesTest" time="0.000">
    <skipped/>
  </testcase> <!-- ShareNotesTest -->
  <system-out/>
  <testcase classname="com.AutomationAsginmnt.Apps.NotesTest" name="TagNotesTest" time="0.000">
    <skipped/>
  </testcase> <!-- TagNotesTest -->
  <system-out/>
  <testcase classname="com.AutomationAsginmnt.Apps.NotesTest" name="SettingsNotesTest" time="0.000">
    <skipped/>
  </testcase> <!-- SettingsNotesTest -->
  <system-out/>
  <testcase classname="com.AutomationAsginmnt.Apps.NotesTest" name="TapToCrashNotesTest" time="0.000">
    <skipped/>
  </testcase> <!-- TapToCrashNotesTest -->
  <system-out/>
</testsuite> <!-- com.AutomationAsginmnt.Apps.NotesTest -->
